<?xml version="1.0" encoding="utf-8"?>
<testsuites><testsuite name="nepi.main.tests.test_views.TestBasicViews"><testcase classname="nepi.main.tests.test_views.TestBasicViews" name="test_about" time="0.324243"></testcase><testcase classname="nepi.main.tests.test_views.TestBasicViews" name="test_client_registration_and_login" time="0.659710"></testcase><testcase classname="nepi.main.tests.test_views.TestBasicViews" name="test_help" time="0.188569"></testcase><testcase classname="nepi.main.tests.test_views.TestBasicViews" name="test_icap_login_and_links" time="0.481527"></testcase><testcase classname="nepi.main.tests.test_views.TestBasicViews" name="test_registration_and_login" time="0.360208"></testcase><testcase classname="nepi.main.tests.test_views.TestBasicViews" name="test_root" time="0.184832"></testcase><testcase classname="nepi.main.tests.test_views.TestBasicViews" name="test_smoketest" time="0.179000"></testcase><testcase classname="nepi.main.tests.test_views.TestBasicViews" name="test_student_account" time="0.169524"></testcase><testcase classname="nepi.main.tests.test_views.TestBasicViews" name="test_teacher_account" time="0.227348"></testcase></testsuite><testsuite name="nepi.main.tests.test_models.TestUserProfile"><testcase classname="nepi.main.tests.test_models.TestUserProfile" name="test_user_profile_unis" time="0.044588"></testcase></testsuite></testsuites>